# JRE version: Java(TM) SE Runtime Environment (8.0_271-b09) (build 1.8.0_271-b09)
# Java VM: Java HotSpot(TM) 64-Bit Server VM (25.271-b09 mixed mode windows-amd64 compressed oops)
Heap:
 PSYoungGen      total 77312K, used 61865K [0x00000000d5580000, 0x00000000dd680000, 0x0000000100000000)
  eden space 66560K, 80% used [0x00000000d5580000,0x00000000d89c4b88,0x00000000d9680000)
  from space 10752K, 77% used [0x00000000d9680000,0x00000000d9ea5960,0x00000000da100000)
  to   space 11264K, 0% used [0x00000000dcb80000,0x00000000dcb80000,0x00000000dd680000)
 ParOldGen       total 58368K, used 8622K [0x0000000080000000, 0x0000000083900000, 0x00000000d5580000)
  object space 58368K, 14% used [0x0000000080000000,0x000000008086b860,0x0000000083900000)
 Metaspace       used 32134K, capacity 33026K, committed 33152K, reserved 1077248K
  class space    used 4452K, capacity 4704K, committed 4736K, reserved 1048576K
GC Heap History (10 events):
Event: 2.791 GC heap before
{Heap before GC invocations=4 (full 0):
 PSYoungGen      total 38400K, used 38368K [0x00000000d5580000, 0x00000000d8000000, 0x0000000100000000)
  eden space 33280K, 100% used [0x00000000d5580000,0x00000000d7600000,0x00000000d7600000)
  from space 5120K, 99% used [0x00000000d7600000,0x00000000d7af8020,0x00000000d7b00000)
  to   space 5120K, 0% used [0x00000000d7b00000,0x00000000d7b00000,0x00000000d8000000)
 ParOldGen       total 87552K, used 1715K [0x0000000080000000, 0x0000000085580000, 0x00000000d5580000)
  object space 87552K, 1% used [0x0000000080000000,0x00000000801acc20,0x0000000085580000)
 Metaspace       used 15734K, capacity 16116K, committed 16512K, reserved 1062912K
  class space    used 2159K, capacity 2316K, committed 2432K, reserved 1048576K
Event: 2.797 GC heap after
Heap after GC invocations=4 (full 0):
 PSYoungGen      total 38400K, used 5104K [0x00000000d5580000, 0x00000000da080000, 0x0000000100000000)
  eden space 33280K, 0% used [0x00000000d5580000,0x00000000d5580000,0x00000000d7600000)
  from space 5120K, 99% used [0x00000000d7b00000,0x00000000d7ffc030,0x00000000d8000000)
  to   space 5120K, 0% used [0x00000000d7600000,0x00000000d7600000,0x00000000d7b00000)
 ParOldGen       total 87552K, used 4473K [0x0000000080000000, 0x0000000085580000, 0x00000000d5580000)
  object space 87552K, 5% used [0x0000000080000000,0x000000008045e780,0x0000000085580000)
 Metaspace       used 15734K, capacity 16116K, committed 16512K, reserved 1062912K
  class space    used 2159K, capacity 2316K, committed 2432K, reserved 1048576K
}
Event: 3.097 GC heap before
{Heap before GC invocations=5 (full 0):
 PSYoungGen      total 38400K, used 38384K [0x00000000d5580000, 0x00000000da080000, 0x0000000100000000)
  eden space 33280K, 100% used [0x00000000d5580000,0x00000000d7600000,0x00000000d7600000)
  from space 5120K, 99% used [0x00000000d7b00000,0x00000000d7ffc030,0x00000000d8000000)
  to   space 5120K, 0% used [0x00000000d7600000,0x00000000d7600000,0x00000000d7b00000)
 ParOldGen       total 87552K, used 4473K [0x0000000080000000, 0x0000000085580000, 0x00000000d5580000)
  object space 87552K, 5% used [0x0000000080000000,0x000000008045e780,0x0000000085580000)
 Metaspace       used 18596K, capacity 19180K, committed 19456K, reserved 1067008K
  class space    used 2629K, capacity 2800K, committed 2816K, reserved 1048576K
Event: 3.104 GC heap after
Heap after GC invocations=5 (full 0):
 PSYoungGen      total 38400K, used 5104K [0x00000000d5580000, 0x00000000dab80000, 0x0000000100000000)
  eden space 33280K, 0% used [0x00000000d5580000,0x00000000d5580000,0x00000000d7600000)
  from space 5120K, 99% used [0x00000000d7600000,0x00000000d7afc010,0x00000000d7b00000)
  to   space 10752K, 0% used [0x00000000da100000,0x00000000da100000,0x00000000dab80000)
 ParOldGen       total 87552K, used 7977K [0x0000000080000000, 0x0000000085580000, 0x00000000d5580000)
  object space 87552K, 9% used [0x0000000080000000,0x00000000807ca6f8,0x0000000085580000)
 Metaspace       used 18596K, capacity 19180K, committed 19456K, reserved 1067008K
  class space    used 2629K, capacity 2800K, committed 2816K, reserved 1048576K
}
Event: 4.225 GC heap before
{Heap before GC invocations=6 (full 0):
 PSYoungGen      total 38400K, used 30176K [0x00000000d5580000, 0x00000000dab80000, 0x0000000100000000)
  eden space 33280K, 75% used [0x00000000d5580000,0x00000000d6dfc300,0x00000000d7600000)
  from space 5120K, 99% used [0x00000000d7600000,0x00000000d7afc010,0x00000000d7b00000)
  to   space 10752K, 0% used [0x00000000da100000,0x00000000da100000,0x00000000dab80000)
 ParOldGen       total 87552K, used 7977K [0x0000000080000000, 0x0000000085580000, 0x00000000d5580000)
  object space 87552K, 9% used [0x0000000080000000,0x00000000807ca6f8,0x0000000085580000)
 Metaspace       used 20563K, capacity 21224K, committed 21296K, reserved 1067008K
  class space    used 2962K, capacity 3158K, committed 3200K, reserved 1048576K
Event: 4.231 GC heap after
Heap after GC invocations=6 (full 0):
 PSYoungGen      total 77312K, used 7795K [0x00000000d5580000, 0x00000000dab80000, 0x0000000100000000)
  eden space 66560K, 0% used [0x00000000d5580000,0x00000000d5580000,0x00000000d9680000)
  from space 10752K, 72% used [0x00000000da100000,0x00000000da89ce10,0x00000000dab80000)
  to   space 10752K, 0% used [0x00000000d9680000,0x00000000d9680000,0x00000000da100000)
 ParOldGen       total 87552K, used 7985K [0x0000000080000000, 0x0000000085580000, 0x00000000d5580000)
  object space 87552K, 9% used [0x0000000080000000,0x00000000807cc6f8,0x0000000085580000)
 Metaspace       used 20563K, capacity 21224K, committed 21296K, reserved 1067008K
  class space    used 2962K, capacity 3158K, committed 3200K, reserved 1048576K
}
Event: 4.231 GC heap before
{Heap before GC invocations=7 (full 1):
 PSYoungGen      total 77312K, used 7795K [0x00000000d5580000, 0x00000000dab80000, 0x0000000100000000)
  eden space 66560K, 0% used [0x00000000d5580000,0x00000000d5580000,0x00000000d9680000)
  from space 10752K, 72% used [0x00000000da100000,0x00000000da89ce10,0x00000000dab80000)
  to   space 10752K, 0% used [0x00000000d9680000,0x00000000d9680000,0x00000000da100000)
 ParOldGen       total 87552K, used 7985K [0x0000000080000000, 0x0000000085580000, 0x00000000d5580000)
  object space 87552K, 9% used [0x0000000080000000,0x00000000807cc6f8,0x0000000085580000)
 Metaspace       used 20563K, capacity 21224K, committed 21296K, reserved 1067008K
  class space    used 2962K, capacity 3158K, committed 3200K, reserved 1048576K
Event: 4.258 GC heap after
Heap after GC invocations=7 (full 1):
 PSYoungGen      total 77312K, used 0K [0x00000000d5580000, 0x00000000dab80000, 0x0000000100000000)
  eden space 66560K, 0% used [0x00000000d5580000,0x00000000d5580000,0x00000000d9680000)
  from space 10752K, 0% used [0x00000000da100000,0x00000000da100000,0x00000000dab80000)
  to   space 10752K, 0% used [0x00000000d9680000,0x00000000d9680000,0x00000000da100000)
 ParOldGen       total 58368K, used 8614K [0x0000000080000000, 0x0000000083900000, 0x00000000d5580000)
  object space 58368K, 14% used [0x0000000080000000,0x0000000080869860,0x0000000083900000)
 Metaspace       used 20563K, capacity 21224K, committed 21296K, reserved 1067008K
  class space    used 2962K, capacity 3158K, committed 3200K, reserved 1048576K
}
Event: 4.983 GC heap before
{Heap before GC invocations=8 (full 1):
 PSYoungGen      total 77312K, used 66560K [0x00000000d5580000, 0x00000000dab80000, 0x0000000100000000)
  eden space 66560K, 100% used [0x00000000d5580000,0x00000000d9680000,0x00000000d9680000)
  from space 10752K, 0% used [0x00000000da100000,0x00000000da100000,0x00000000dab80000)
  to   space 10752K, 0% used [0x00000000d9680000,0x00000000d9680000,0x00000000da100000)
 ParOldGen       total 58368K, used 8614K [0x0000000080000000, 0x0000000083900000, 0x00000000d5580000)
  object space 58368K, 14% used [0x0000000080000000,0x0000000080869860,0x0000000083900000)
 Metaspace       used 28352K, capacity 29098K, committed 29312K, reserved 1075200K
  class space    used 4004K, capacity 4200K, committed 4224K, reserved 1048576K
Event: 4.990 GC heap after
Heap after GC invocations=8 (full 1):
 PSYoungGen      total 77312K, used 8342K [0x00000000d5580000, 0x00000000dd680000, 0x0000000100000000)
  eden space 66560K, 0% used [0x00000000d5580000,0x00000000d5580000,0x00000000d9680000)
  from space 10752K, 77% used [0x00000000d9680000,0x00000000d9ea5960,0x00000000da100000)
  to   space 11264K, 0% used [0x00000000dcb80000,0x00000000dcb80000,0x00000000dd680000)
 ParOldGen       total 58368K, used 8622K [0x0000000080000000, 0x0000000083900000, 0x00000000d5580000)
  object space 58368K, 14% used [0x0000000080000000,0x000000008086b860,0x0000000083900000)
 Metaspace       used 28352K, capacity 29098K, committed 29312K, reserved 1075200K
  class space    used 4004K, capacity 4200K, committed 4224K, reserved 1048576K
}

