# JRE version: Java(TM) SE Runtime Environment (8.0_271-b09) (build 1.8.0_271-b09)
# Java VM: Java HotSpot(TM) 64-Bit Server VM (25.271-b09 mixed mode windows-amd64 compressed oops)
Heap:
 PSYoungGen      total 305664K, used 54296K [0x00000000d5580000, 0x00000000ed180000, 0x0000000100000000)
  eden space 292352K, 18% used [0x00000000d5580000,0x00000000d8929200,0x00000000e7300000)
  from space 13312K, 10% used [0x00000000e7300000,0x00000000e745ce48,0x00000000e8000000)
  to   space 13312K, 0% used [0x00000000ec480000,0x00000000ec480000,0x00000000ed180000)
 ParOldGen       total 73216K, used 29934K [0x0000000080000000, 0x0000000084780000, 0x00000000d5580000)
  object space 73216K, 40% used [0x0000000080000000,0x0000000081d3b980,0x0000000084780000)
 Metaspace       used 55769K, capacity 58124K, committed 58368K, reserved 1099776K
  class space    used 7411K, capacity 7857K, committed 7936K, reserved 1048576K
GC Heap History (10 events):
Event: 15.030 GC heap before
{Heap before GC invocations=13 (full 2):
 PSYoungGen      total 173056K, used 168059K [0x00000000d5580000, 0x00000000e0c80000, 0x0000000100000000)
  eden space 161280K, 100% used [0x00000000d5580000,0x00000000df300000,0x00000000df300000)
  from space 11776K, 57% used [0x00000000dfe00000,0x00000000e049ee18,0x00000000e0980000)
  to   space 11264K, 0% used [0x00000000df300000,0x00000000df300000,0x00000000dfe00000)
 ParOldGen       total 73216K, used 17278K [0x0000000080000000, 0x0000000084780000, 0x00000000d5580000)
  object space 73216K, 23% used [0x0000000080000000,0x00000000810df800,0x0000000084780000)
 Metaspace       used 36647K, capacity 37866K, committed 38144K, reserved 1081344K
  class space    used 4961K, capacity 5287K, committed 5376K, reserved 1048576K
Event: 15.035 GC heap after
Heap after GC invocations=13 (full 2):
 PSYoungGen      total 172544K, used 4314K [0x00000000d5580000, 0x00000000e4700000, 0x0000000100000000)
  eden space 161280K, 0% used [0x00000000d5580000,0x00000000d5580000,0x00000000df300000)
  from space 11264K, 38% used [0x00000000df300000,0x00000000df736a50,0x00000000dfe00000)
  to   space 11264K, 0% used [0x00000000e3c00000,0x00000000e3c00000,0x00000000e4700000)
 ParOldGen       total 73216K, used 18018K [0x0000000080000000, 0x0000000084780000, 0x00000000d5580000)
  object space 73216K, 24% used [0x0000000080000000,0x0000000081198840,0x0000000084780000)
 Metaspace       used 36647K, capacity 37866K, committed 38144K, reserved 1081344K
  class space    used 4961K, capacity 5287K, committed 5376K, reserved 1048576K
}
Event: 15.652 GC heap before
{Heap before GC invocations=14 (full 2):
 PSYoungGen      total 172544K, used 165594K [0x00000000d5580000, 0x00000000e4700000, 0x0000000100000000)
  eden space 161280K, 100% used [0x00000000d5580000,0x00000000df300000,0x00000000df300000)
  from space 11264K, 38% used [0x00000000df300000,0x00000000df736a50,0x00000000dfe00000)
  to   space 11264K, 0% used [0x00000000e3c00000,0x00000000e3c00000,0x00000000e4700000)
 ParOldGen       total 73216K, used 18018K [0x0000000080000000, 0x0000000084780000, 0x00000000d5580000)
  object space 73216K, 24% used [0x0000000080000000,0x0000000081198840,0x0000000084780000)
 Metaspace       used 36663K, capacity 37866K, committed 38144K, reserved 1081344K
  class space    used 4961K, capacity 5287K, committed 5376K, reserved 1048576K
Event: 15.654 GC heap after
Heap after GC invocations=14 (full 2):
 PSYoungGen      total 227840K, used 320K [0x00000000d5580000, 0x00000000e4380000, 0x0000000100000000)
  eden space 220160K, 0% used [0x00000000d5580000,0x00000000d5580000,0x00000000e2c80000)
  from space 7680K, 4% used [0x00000000e3c00000,0x00000000e3c50000,0x00000000e4380000)
  to   space 11776K, 0% used [0x00000000e2c80000,0x00000000e2c80000,0x00000000e3800000)
 ParOldGen       total 73216K, used 18889K [0x0000000080000000, 0x0000000084780000, 0x00000000d5580000)
  object space 73216K, 25% used [0x0000000080000000,0x0000000081272508,0x0000000084780000)
 Metaspace       used 36663K, capacity 37866K, committed 38144K, reserved 1081344K
  class space    used 4961K, capacity 5287K, committed 5376K, reserved 1048576K
}
Event: 16.989 GC heap before
{Heap before GC invocations=15 (full 2):
 PSYoungGen      total 227840K, used 220480K [0x00000000d5580000, 0x00000000e4380000, 0x0000000100000000)
  eden space 220160K, 100% used [0x00000000d5580000,0x00000000e2c80000,0x00000000e2c80000)
  from space 7680K, 4% used [0x00000000e3c00000,0x00000000e3c50000,0x00000000e4380000)
  to   space 11776K, 0% used [0x00000000e2c80000,0x00000000e2c80000,0x00000000e3800000)
 ParOldGen       total 73216K, used 18889K [0x0000000080000000, 0x0000000084780000, 0x00000000d5580000)
  object space 73216K, 25% used [0x0000000080000000,0x0000000081272508,0x0000000084780000)
 Metaspace       used 40635K, capacity 42204K, committed 42368K, reserved 1085440K
  class space    used 5552K, capacity 5910K, committed 6016K, reserved 1048576K
Event: 16.996 GC heap after
Heap after GC invocations=15 (full 2):
 PSYoungGen      total 231936K, used 7710K [0x00000000d5580000, 0x00000000e8d80000, 0x0000000100000000)
  eden space 220160K, 0% used [0x00000000d5580000,0x00000000d5580000,0x00000000e2c80000)
  from space 11776K, 65% used [0x00000000e2c80000,0x00000000e3407a60,0x00000000e3800000)
  to   space 11776K, 0% used [0x00000000e8200000,0x00000000e8200000,0x00000000e8d80000)
 ParOldGen       total 73216K, used 18929K [0x0000000080000000, 0x0000000084780000, 0x00000000d5580000)
  object space 73216K, 25% used [0x0000000080000000,0x000000008127c508,0x0000000084780000)
 Metaspace       used 40635K, capacity 42204K, committed 42368K, reserved 1085440K
  class space    used 5552K, capacity 5910K, committed 6016K, reserved 1048576K
}
Event: 50.263 GC heap before
{Heap before GC invocations=16 (full 2):
 PSYoungGen      total 231936K, used 227870K [0x00000000d5580000, 0x00000000e8d80000, 0x0000000100000000)
  eden space 220160K, 100% used [0x00000000d5580000,0x00000000e2c80000,0x00000000e2c80000)
  from space 11776K, 65% used [0x00000000e2c80000,0x00000000e3407a60,0x00000000e3800000)
  to   space 11776K, 0% used [0x00000000e8200000,0x00000000e8200000,0x00000000e8d80000)
 ParOldGen       total 73216K, used 18929K [0x0000000080000000, 0x0000000084780000, 0x00000000d5580000)
  object space 73216K, 25% used [0x0000000080000000,0x000000008127c508,0x0000000084780000)
 Metaspace       used 50590K, capacity 52646K, committed 52736K, reserved 1095680K
  class space    used 6757K, capacity 7150K, committed 7168K, reserved 1048576K
Event: 50.274 GC heap after
Heap after GC invocations=16 (full 2):
 PSYoungGen      total 297984K, used 11114K [0x00000000d5580000, 0x00000000e8d00000, 0x0000000100000000)
  eden space 286720K, 0% used [0x00000000d5580000,0x00000000d5580000,0x00000000e6d80000)
  from space 11264K, 98% used [0x00000000e8200000,0x00000000e8cdaac0,0x00000000e8d00000)
  to   space 13312K, 0% used [0x00000000e7300000,0x00000000e7300000,0x00000000e8000000)
 ParOldGen       total 73216K, used 23653K [0x0000000080000000, 0x0000000084780000, 0x00000000d5580000)
  object space 73216K, 32% used [0x0000000080000000,0x0000000081719408,0x0000000084780000)
 Metaspace       used 50590K, capacity 52646K, committed 52736K, reserved 1095680K
  class space    used 6757K, capacity 7150K, committed 7168K, reserved 1048576K
}
Event: 59.430 GC heap before
{Heap before GC invocations=17 (full 2):
 PSYoungGen      total 297984K, used 297834K [0x00000000d5580000, 0x00000000e8d00000, 0x0000000100000000)
  eden space 286720K, 100% used [0x00000000d5580000,0x00000000e6d80000,0x00000000e6d80000)
  from space 11264K, 98% used [0x00000000e8200000,0x00000000e8cdaac0,0x00000000e8d00000)
  to   space 13312K, 0% used [0x00000000e7300000,0x00000000e7300000,0x00000000e8000000)
 ParOldGen       total 73216K, used 23653K [0x0000000080000000, 0x0000000084780000, 0x00000000d5580000)
  object space 73216K, 32% used [0x0000000080000000,0x0000000081719408,0x0000000084780000)
 Metaspace       used 50962K, capacity 53120K, committed 53376K, reserved 1095680K
  class space    used 6795K, capacity 7198K, committed 7296K, reserved 1048576K
Event: 59.435 GC heap after
Heap after GC invocations=17 (full 2):
 PSYoungGen      total 305664K, used 1395K [0x00000000d5580000, 0x00000000ed180000, 0x0000000100000000)
  eden space 292352K, 0% used [0x00000000d5580000,0x00000000d5580000,0x00000000e7300000)
  from space 13312K, 10% used [0x00000000e7300000,0x00000000e745ce48,0x00000000e8000000)
  to   space 13312K, 0% used [0x00000000ec480000,0x00000000ec480000,0x00000000ed180000)
 ParOldGen       total 73216K, used 29934K [0x0000000080000000, 0x0000000084780000, 0x00000000d5580000)
  object space 73216K, 40% used [0x0000000080000000,0x0000000081d3b980,0x0000000084780000)
 Metaspace       used 50962K, capacity 53120K, committed 53376K, reserved 1095680K
  class space    used 6795K, capacity 7198K, committed 7296K, reserved 1048576K
}

