# JRE version: Java(TM) SE Runtime Environment (8.0_271-b09) (build 1.8.0_271-b09)
# Java VM: Java HotSpot(TM) 64-Bit Server VM (25.271-b09 mixed mode windows-amd64 compressed oops)
Heap:
 PSYoungGen      total 338432K, used 338425K [0x00000000d5580000, 0x00000000ed480000, 0x0000000100000000)
  eden space 304128K, 100% used [0x00000000d5580000,0x00000000e7e80000,0x00000000e7e80000)
  from space 34304K, 99% used [0x00000000ea600000,0x00000000ec77e7d8,0x00000000ec780000)
  to   space 40448K, 72% used [0x00000000e7e80000,0x00000000e9b1e758,0x00000000ea600000)
 ParOldGen       total 843776K, used 754128K [0x0000000080000000, 0x00000000b3800000, 0x00000000d5580000)
  object space 843776K, 89% used [0x0000000080000000,0x00000000ae074220,0x00000000b3800000)
 Metaspace       used 83360K, capacity 87396K, committed 87640K, reserved 1124352K
  class space    used 11279K, capacity 12034K, committed 12160K, reserved 1048576K
GC Heap History (10 events):
Event: 81.084 GC heap after
Heap after GC invocations=23 (full 3):
 PSYoungGen      total 274944K, used 0K [0x00000000d5580000, 0x00000000e8200000, 0x0000000100000000)
  eden space 256000K, 0% used [0x00000000d5580000,0x00000000d5580000,0x00000000e4f80000)
  from space 18944K, 0% used [0x00000000e6480000,0x00000000e6480000,0x00000000e7700000)
  to   space 21504K, 0% used [0x00000000e4f80000,0x00000000e4f80000,0x00000000e6480000)
 ParOldGen       total 129024K, used 31791K [0x0000000080000000, 0x0000000087e00000, 0x00000000d5580000)
  object space 129024K, 24% used [0x0000000080000000,0x0000000081f0bd18,0x0000000087e00000)
 Metaspace       used 57070K, capacity 58692K, committed 59096K, reserved 1099776K
  class space    used 7456K, capacity 7831K, committed 7936K, reserved 1048576K
}
Event: 103.823 GC heap before
{Heap before GC invocations=24 (full 3):
 PSYoungGen      total 274944K, used 256000K [0x00000000d5580000, 0x00000000e8200000, 0x0000000100000000)
  eden space 256000K, 100% used [0x00000000d5580000,0x00000000e4f80000,0x00000000e4f80000)
  from space 18944K, 0% used [0x00000000e6480000,0x00000000e6480000,0x00000000e7700000)
  to   space 21504K, 0% used [0x00000000e4f80000,0x00000000e4f80000,0x00000000e6480000)
 ParOldGen       total 129024K, used 31791K [0x0000000080000000, 0x0000000087e00000, 0x00000000d5580000)
  object space 129024K, 24% used [0x0000000080000000,0x0000000081f0bd18,0x0000000087e00000)
 Metaspace       used 69289K, capacity 71758K, committed 72024K, reserved 1112064K
  class space    used 9288K, capacity 9798K, committed 9856K, reserved 1048576K
Event: 103.842 GC heap after
Heap after GC invocations=24 (full 3):
 PSYoungGen      total 277504K, used 21503K [0x00000000d5580000, 0x00000000ea180000, 0x0000000100000000)
  eden space 256000K, 0% used [0x00000000d5580000,0x00000000d5580000,0x00000000e4f80000)
  from space 21504K, 99% used [0x00000000e4f80000,0x00000000e647fed0,0x00000000e6480000)
  to   space 25088K, 0% used [0x00000000e8900000,0x00000000e8900000,0x00000000ea180000)
 ParOldGen       total 129024K, used 33041K [0x0000000080000000, 0x0000000087e00000, 0x00000000d5580000)
  object space 129024K, 25% used [0x0000000080000000,0x0000000082044628,0x0000000087e00000)
 Metaspace       used 69289K, capacity 71758K, committed 72024K, reserved 1112064K
  class space    used 9288K, capacity 9798K, committed 9856K, reserved 1048576K
}
Event: 161.591 GC heap before
{Heap before GC invocations=25 (full 3):
 PSYoungGen      total 277504K, used 277503K [0x00000000d5580000, 0x00000000ea180000, 0x0000000100000000)
  eden space 256000K, 100% used [0x00000000d5580000,0x00000000e4f80000,0x00000000e4f80000)
  from space 21504K, 99% used [0x00000000e4f80000,0x00000000e647fed0,0x00000000e6480000)
  to   space 25088K, 0% used [0x00000000e8900000,0x00000000e8900000,0x00000000ea180000)
 ParOldGen       total 129024K, used 33041K [0x0000000080000000, 0x0000000087e00000, 0x00000000d5580000)
  object space 129024K, 25% used [0x0000000080000000,0x0000000082044628,0x0000000087e00000)
 Metaspace       used 79086K, capacity 81944K, committed 82008K, reserved 1120256K
  class space    used 10735K, capacity 11357K, committed 11392K, reserved 1048576K
Event: 161.625 GC heap after
Heap after GC invocations=25 (full 3):
 PSYoungGen      total 309248K, used 25074K [0x00000000d5580000, 0x00000000ea700000, 0x0000000100000000)
  eden space 284160K, 0% used [0x00000000d5580000,0x00000000d5580000,0x00000000e6b00000)
  from space 25088K, 99% used [0x00000000e8900000,0x00000000ea17c9f8,0x00000000ea180000)
  to   space 30720K, 0% used [0x00000000e6b00000,0x00000000e6b00000,0x00000000e8900000)
 ParOldGen       total 129024K, used 37611K [0x0000000080000000, 0x0000000087e00000, 0x00000000d5580000)
  object space 129024K, 29% used [0x0000000080000000,0x00000000824bae40,0x0000000087e00000)
 Metaspace       used 79086K, capacity 81944K, committed 82008K, reserved 1120256K
  class space    used 10735K, capacity 11357K, committed 11392K, reserved 1048576K
}
Event: 186.884 GC heap before
{Heap before GC invocations=26 (full 3):
 PSYoungGen      total 309248K, used 309234K [0x00000000d5580000, 0x00000000ea700000, 0x0000000100000000)
  eden space 284160K, 100% used [0x00000000d5580000,0x00000000e6b00000,0x00000000e6b00000)
  from space 25088K, 99% used [0x00000000e8900000,0x00000000ea17c9f8,0x00000000ea180000)
  to   space 30720K, 0% used [0x00000000e6b00000,0x00000000e6b00000,0x00000000e8900000)
 ParOldGen       total 129024K, used 37611K [0x0000000080000000, 0x0000000087e00000, 0x00000000d5580000)
  object space 129024K, 29% used [0x0000000080000000,0x00000000824bae40,0x0000000087e00000)
 Metaspace       used 80934K, capacity 83908K, committed 84056K, reserved 1122304K
  class space    used 10919K, capacity 11538K, committed 11648K, reserved 1048576K
Event: 186.901 GC heap after
Heap after GC invocations=26 (full 3):
 PSYoungGen      total 314880K, used 27784K [0x00000000d5580000, 0x00000000ec780000, 0x0000000100000000)
  eden space 284160K, 0% used [0x00000000d5580000,0x00000000d5580000,0x00000000e6b00000)
  from space 30720K, 90% used [0x00000000e6b00000,0x00000000e8622140,0x00000000e8900000)
  to   space 34304K, 0% used [0x00000000ea600000,0x00000000ea600000,0x00000000ec780000)
 ParOldGen       total 129024K, used 37619K [0x0000000080000000, 0x0000000087e00000, 0x00000000d5580000)
  object space 129024K, 29% used [0x0000000080000000,0x00000000824bce40,0x0000000087e00000)
 Metaspace       used 80934K, capacity 83908K, committed 84056K, reserved 1122304K
  class space    used 10919K, capacity 11538K, committed 11648K, reserved 1048576K
}
Event: 194.497 GC heap before
{Heap before GC invocations=27 (full 3):
 PSYoungGen      total 314880K, used 311944K [0x00000000d5580000, 0x00000000ec780000, 0x0000000100000000)
  eden space 284160K, 100% used [0x00000000d5580000,0x00000000e6b00000,0x00000000e6b00000)
  from space 30720K, 90% used [0x00000000e6b00000,0x00000000e8622140,0x00000000e8900000)
  to   space 34304K, 0% used [0x00000000ea600000,0x00000000ea600000,0x00000000ec780000)
 ParOldGen       total 129024K, used 37619K [0x0000000080000000, 0x0000000087e00000, 0x00000000d5580000)
  object space 129024K, 29% used [0x0000000080000000,0x00000000824bce40,0x0000000087e00000)
 Metaspace       used 83107K, capacity 87034K, committed 87256K, reserved 1124352K
  class space    used 11273K, capacity 12023K, committed 12032K, reserved 1048576K
Event: 194.533 GC heap after
Heap after GC invocations=27 (full 3):
 PSYoungGen      total 338432K, used 34297K [0x00000000d5580000, 0x00000000ed480000, 0x0000000100000000)
  eden space 304128K, 0% used [0x00000000d5580000,0x00000000d5580000,0x00000000e7e80000)
  from space 34304K, 99% used [0x00000000ea600000,0x00000000ec77e7d8,0x00000000ec780000)
  to   space 40448K, 0% used [0x00000000e7e80000,0x00000000e7e80000,0x00000000ea600000)
 ParOldGen       total 129024K, used 39838K [0x0000000080000000, 0x0000000087e00000, 0x00000000d5580000)
  object space 129024K, 30% used [0x0000000080000000,0x00000000826e7b38,0x0000000087e00000)
 Metaspace       used 83107K, capacity 87034K, committed 87256K, reserved 1124352K
  class space    used 11273K, capacity 12023K, committed 12032K, reserved 1048576K
}
Event: 195.890 GC heap before
{Heap before GC invocations=28 (full 3):
 PSYoungGen      total 338432K, used 338425K [0x00000000d5580000, 0x00000000ed480000, 0x0000000100000000)
  eden space 304128K, 100% used [0x00000000d5580000,0x00000000e7e80000,0x00000000e7e80000)
  from space 34304K, 99% used [0x00000000ea600000,0x00000000ec77e7d8,0x00000000ec780000)
  to   space 40448K, 0% used [0x00000000e7e80000,0x00000000e7e80000,0x00000000ea600000)
 ParOldGen       total 129024K, used 39872K [0x0000000080000000, 0x0000000087e00000, 0x00000000d5580000)
  object space 129024K, 30% used [0x0000000080000000,0x00000000826f0288,0x0000000087e00000)
 Metaspace       used 83360K, capacity 87396K, committed 87640K, reserved 1124352K
  class space    used 11279K, capacity 12034K, committed 12160K, reserved 1048576K

