# JRE version: Java(TM) SE Runtime Environment (8.0_271-b09) (build 1.8.0_271-b09)
# Java VM: Java HotSpot(TM) 64-Bit Server VM (25.271-b09 mixed mode windows-amd64 compressed oops)
Heap:
 PSYoungGen      total 567296K, used 292557K [0x00000000d5580000, 0x00000000ff080000, 0x0000000100000000)
  eden space 475136K, 57% used [0x00000000d5580000,0x00000000e5e0afd8,0x00000000f2580000)
  from space 92160K, 23% used [0x00000000f9680000,0x00000000faba86b8,0x00000000ff080000)
  to   space 103936K, 0% used [0x00000000f2580000,0x00000000f2580000,0x00000000f8b00000)
 ParOldGen       total 433152K, used 209067K [0x0000000080000000, 0x000000009a700000, 0x00000000d5580000)
  object space 433152K, 48% used [0x0000000080000000,0x000000008cc2afd8,0x000000009a700000)
 Metaspace       used 89706K, capacity 94536K, committed 96000K, reserved 1132544K
  class space    used 11904K, capacity 12742K, committed 13312K, reserved 1048576K
GC Heap History (10 events):
Event: 28.774 GC heap before
{Heap before GC invocations=46 (full 5):
 PSYoungGen      total 637952K, used 588818K [0x00000000d5580000, 0x00000000ffb80000, 0x0000000100000000)
  eden space 580608K, 100% used [0x00000000d5580000,0x00000000f8c80000,0x00000000f8c80000)
  from space 57344K, 14% used [0x00000000fc380000,0x00000000fcb84b50,0x00000000ffb80000)
  to   space 56320K, 0% used [0x00000000f8c80000,0x00000000f8c80000,0x00000000fc380000)
 ParOldGen       total 282112K, used 123642K [0x0000000080000000, 0x0000000091380000, 0x00000000d5580000)
  object space 282112K, 43% used [0x0000000080000000,0x00000000878be950,0x0000000091380000)
 Metaspace       used 81073K, capacity 85198K, committed 88320K, reserved 1124352K
  class space    used 11199K, capacity 11957K, committed 12800K, reserved 1048576K
Event: 28.823 GC heap after
Heap after GC invocations=46 (full 5):
 PSYoungGen      total 636928K, used 56289K [0x00000000d5580000, 0x0000000100000000, 0x0000000100000000)
  eden space 580608K, 0% used [0x00000000d5580000,0x00000000d5580000,0x00000000f8c80000)
  from space 56320K, 99% used [0x00000000f8c80000,0x00000000fc378400,0x00000000fc380000)
  to   space 61952K, 0% used [0x00000000fc380000,0x00000000fc380000,0x0000000100000000)
 ParOldGen       total 282112K, used 137779K [0x0000000080000000, 0x0000000091380000, 0x00000000d5580000)
  object space 282112K, 48% used [0x0000000080000000,0x000000008868cf38,0x0000000091380000)
 Metaspace       used 81073K, capacity 85198K, committed 88320K, reserved 1124352K
  class space    used 11199K, capacity 11957K, committed 12800K, reserved 1048576K
}
Event: 33.928 GC heap before
{Heap before GC invocations=47 (full 5):
 PSYoungGen      total 636928K, used 636897K [0x00000000d5580000, 0x0000000100000000, 0x0000000100000000)
  eden space 580608K, 100% used [0x00000000d5580000,0x00000000f8c80000,0x00000000f8c80000)
  from space 56320K, 99% used [0x00000000f8c80000,0x00000000fc378400,0x00000000fc380000)
  to   space 61952K, 0% used [0x00000000fc380000,0x00000000fc380000,0x0000000100000000)
 ParOldGen       total 282112K, used 137779K [0x0000000080000000, 0x0000000091380000, 0x00000000d5580000)
  object space 282112K, 48% used [0x0000000080000000,0x000000008868cf38,0x0000000091380000)
 Metaspace       used 83249K, capacity 87652K, committed 90496K, reserved 1126400K
  class space    used 11409K, capacity 12188K, committed 12928K, reserved 1048576K
Event: 34.050 GC heap after
Heap after GC invocations=47 (full 5):
 PSYoungGen      total 529408K, used 61928K [0x00000000d5580000, 0x0000000100000000, 0x0000000100000000)
  eden space 467456K, 0% used [0x00000000d5580000,0x00000000d5580000,0x00000000f1e00000)
  from space 61952K, 99% used [0x00000000fc380000,0x00000000ffffa3f0,0x0000000100000000)
  to   space 115712K, 0% used [0x00000000f1e00000,0x00000000f1e00000,0x00000000f8f00000)
 ParOldGen       total 282112K, used 233543K [0x0000000080000000, 0x0000000091380000, 0x00000000d5580000)
  object space 282112K, 82% used [0x0000000080000000,0x000000008e411f90,0x0000000091380000)
 Metaspace       used 83249K, capacity 87652K, committed 90496K, reserved 1126400K
  class space    used 11409K, capacity 12188K, committed 12928K, reserved 1048576K
}
Event: 34.050 GC heap before
{Heap before GC invocations=48 (full 6):
 PSYoungGen      total 529408K, used 61928K [0x00000000d5580000, 0x0000000100000000, 0x0000000100000000)
  eden space 467456K, 0% used [0x00000000d5580000,0x00000000d5580000,0x00000000f1e00000)
  from space 61952K, 99% used [0x00000000fc380000,0x00000000ffffa3f0,0x0000000100000000)
  to   space 115712K, 0% used [0x00000000f1e00000,0x00000000f1e00000,0x00000000f8f00000)
 ParOldGen       total 282112K, used 233543K [0x0000000080000000, 0x0000000091380000, 0x00000000d5580000)
  object space 282112K, 82% used [0x0000000080000000,0x000000008e411f90,0x0000000091380000)
 Metaspace       used 83249K, capacity 87652K, committed 90496K, reserved 1126400K
  class space    used 11409K, capacity 12188K, committed 12928K, reserved 1048576K
Event: 34.594 GC heap after
Heap after GC invocations=48 (full 6):
 PSYoungGen      total 529408K, used 0K [0x00000000d5580000, 0x0000000100000000, 0x0000000100000000)
  eden space 467456K, 0% used [0x00000000d5580000,0x00000000d5580000,0x00000000f1e00000)
  from space 61952K, 0% used [0x00000000fc380000,0x00000000fc380000,0x0000000100000000)
  to   space 115712K, 0% used [0x00000000f1e00000,0x00000000f1e00000,0x00000000f8f00000)
 ParOldGen       total 433152K, used 209051K [0x0000000080000000, 0x000000009a700000, 0x00000000d5580000)
  object space 433152K, 48% used [0x0000000080000000,0x000000008cc26fd8,0x000000009a700000)
 Metaspace       used 83230K, capacity 87608K, committed 90496K, reserved 1126400K
  class space    used 11402K, capacity 12176K, committed 12928K, reserved 1048576K
}
Event: 448.141 GC heap before
{Heap before GC invocations=49 (full 6):
 PSYoungGen      total 529408K, used 467456K [0x00000000d5580000, 0x0000000100000000, 0x0000000100000000)
  eden space 467456K, 100% used [0x00000000d5580000,0x00000000f1e00000,0x00000000f1e00000)
  from space 61952K, 0% used [0x00000000fc380000,0x00000000fc380000,0x0000000100000000)
  to   space 115712K, 0% used [0x00000000f1e00000,0x00000000f1e00000,0x00000000f8f00000)
 ParOldGen       total 433152K, used 209051K [0x0000000080000000, 0x000000009a700000, 0x00000000d5580000)
  object space 433152K, 48% used [0x0000000080000000,0x000000008cc26fd8,0x000000009a700000)
 Metaspace       used 88193K, capacity 92750K, committed 94976K, reserved 1130496K
  class space    used 11813K, capacity 12623K, committed 13312K, reserved 1048576K
Event: 448.162 GC heap after
Heap after GC invocations=49 (full 6):
 PSYoungGen      total 583168K, used 37182K [0x00000000d5580000, 0x0000000100000000, 0x0000000100000000)
  eden space 467456K, 0% used [0x00000000d5580000,0x00000000d5580000,0x00000000f1e00000)
  from space 115712K, 32% used [0x00000000f1e00000,0x00000000f424f8f0,0x00000000f8f00000)
  to   space 108032K, 0% used [0x00000000f9680000,0x00000000f9680000,0x0000000100000000)
 ParOldGen       total 433152K, used 209059K [0x0000000080000000, 0x000000009a700000, 0x00000000d5580000)
  object space 433152K, 48% used [0x0000000080000000,0x000000008cc28fd8,0x000000009a700000)
 Metaspace       used 88193K, capacity 92750K, committed 94976K, reserved 1130496K
  class space    used 11813K, capacity 12623K, committed 13312K, reserved 1048576K
}
Event: 699.853 GC heap before
{Heap before GC invocations=50 (full 6):
 PSYoungGen      total 583168K, used 504638K [0x00000000d5580000, 0x0000000100000000, 0x0000000100000000)
  eden space 467456K, 100% used [0x00000000d5580000,0x00000000f1e00000,0x00000000f1e00000)
  from space 115712K, 32% used [0x00000000f1e00000,0x00000000f424f8f0,0x00000000f8f00000)
  to   space 108032K, 0% used [0x00000000f9680000,0x00000000f9680000,0x0000000100000000)
 ParOldGen       total 433152K, used 209059K [0x0000000080000000, 0x000000009a700000, 0x00000000d5580000)
  object space 433152K, 48% used [0x0000000080000000,0x000000008cc28fd8,0x000000009a700000)
 Metaspace       used 89406K, capacity 94314K, committed 96000K, reserved 1132544K
  class space    used 11895K, capacity 12729K, committed 13312K, reserved 1048576K
Event: 699.871 GC heap after
Heap after GC invocations=50 (full 6):
 PSYoungGen      total 567296K, used 21665K [0x00000000d5580000, 0x00000000ff080000, 0x0000000100000000)
  eden space 475136K, 0% used [0x00000000d5580000,0x00000000d5580000,0x00000000f2580000)
  from space 92160K, 23% used [0x00000000f9680000,0x00000000faba86b8,0x00000000ff080000)
  to   space 103936K, 0% used [0x00000000f2580000,0x00000000f2580000,0x00000000f8b00000)
 ParOldGen       total 433152K, used 209067K [0x0000000080000000, 0x000000009a700000, 0x00000000d5580000)
  object space 433152K, 48% used [0x0000000080000000,0x000000008cc2afd8,0x000000009a700000)
 Metaspace       used 89406K, capacity 94314K, committed 96000K, reserved 1132544K
  class space    used 11895K, capacity 12729K, committed 13312K, reserved 1048576K
}

